2025-11-21 19:40:21,212 - SpeechToText - INFO - Available microphones: 19
2025-11-21 19:40:21,215 - SpeechToText - ERROR - Invalid engine selected: invalid
2025-11-21 19:40:21,222 - SpeechToText - INFO - Transcription saved to: C:\Users\MOHDJA~1\AppData\Local\Temp\tmpix6h0iui
2025-11-21 19:40:21,226 - SpeechToText - INFO - Transcription saved to: C:\Users\MOHDJA~1\AppData\Local\Temp\tmp7ibeogs_
2025-11-21 19:40:21,227 - SpeechToText - INFO - Transcription saved to: C:\Users\MOHDJA~1\AppData\Local\Temp\tmp7ibeogs_
2025-11-21 19:43:30,591 - SpeechToText - INFO - Available microphones: 19
2025-11-21 19:43:30,593 - SpeechToText - ERROR - Invalid engine selected: invalid
2025-11-21 19:43:30,596 - SpeechToText - INFO - Transcription saved to: C:\Users\MOHDJA~1\AppData\Local\Temp\tmpmv76nuyr
2025-11-21 19:43:30,599 - SpeechToText - INFO - Transcription saved to: C:\Users\MOHDJA~1\AppData\Local\Temp\tmpqtrchctp
2025-11-21 19:43:30,599 - SpeechToText - INFO - Transcription saved to: C:\Users\MOHDJA~1\AppData\Local\Temp\tmpqtrchctp
2025-11-21 19:44:58,088 - SpeechToText - INFO - Adjusting for ambient noise...
2025-11-21 19:44:58,543 - SpeechToText - INFO - Recording for 5 seconds...
2025-11-21 19:45:08,853 - SpeechToText - INFO - Recording complete
2025-11-21 19:45:17,295 - SpeechToText - INFO - Adjusting for ambient noise...
2025-11-21 19:45:17,747 - SpeechToText - INFO - Recording for 5 seconds...
2025-11-21 19:45:20,187 - SpeechToText - INFO - Recording complete
2025-11-21 19:45:20,265 - SpeechToText - INFO - Using Google Speech Recognition...
2025-11-21 19:45:30,855 - SpeechToText - INFO - Adjusting for ambient noise...
2025-11-21 19:45:31,307 - SpeechToText - INFO - Recording for 5 seconds...
2025-11-21 19:45:32,978 - SpeechToText - INFO - Recording complete
2025-11-21 19:45:33,022 - SpeechToText - INFO - Using Google Speech Recognition...
2025-11-21 19:46:06,446 - SpeechToText - INFO - Adjusting for ambient noise...
2025-11-21 19:46:06,898 - SpeechToText - INFO - Recording for 5 seconds...
2025-11-21 19:46:08,949 - SpeechToText - INFO - Recording complete
2025-11-21 19:46:09,007 - SpeechToText - INFO - Using Google Speech Recognition...
